<?xml version="1.0" encoding="UTF-8"?>
<testng-results skipped="0" failed="0" ignored="0" total="4" passed="4">
  <reporter-output>
  </reporter-output>
  <suite name="Suite" duration-ms="75" started-at="2020-12-09T15:42:53Z" finished-at="2020-12-09T15:42:53Z">
    <groups>
    </groups>
    <test name="Test" duration-ms="75" started-at="2020-12-09T15:42:53Z" finished-at="2020-12-09T15:42:53Z">
      <class name="qaclickacademy.RESTAPITest">
        <test-method status="PASS" signature="deleteTwitter()[pri:0, instance:qaclickacademy.RESTAPITest@4cb2c100]" name="deleteTwitter" duration-ms="5" started-at="2020-12-09T21:12:53Z" finished-at="2020-12-09T21:12:53Z">
          <reporter-output>
          </reporter-output>
        </test-method> <!-- deleteTwitter -->
        <test-method status="PASS" signature="postJira()[pri:0, instance:qaclickacademy.RESTAPITest@4cb2c100]" name="postJira" duration-ms="0" started-at="2020-12-09T21:12:53Z" finished-at="2020-12-09T21:12:53Z">
          <reporter-output>
          </reporter-output>
        </test-method> <!-- postJira -->
      </class> <!-- qaclickacademy.RESTAPITest -->
      <class name="qaclickacademy.SeleniumTest">
        <test-method status="PASS" signature="BrowserAUtomation()[pri:0, instance:qaclickacademy.SeleniumTest@1e67b872]" name="BrowserAUtomation" duration-ms="20" started-at="2020-12-09T21:12:53Z" finished-at="2020-12-09T21:12:53Z">
          <reporter-output>
          </reporter-output>
        </test-method> <!-- BrowserAUtomation -->
        <test-method status="PASS" signature="elementsUi()[pri:0, instance:qaclickacademy.SeleniumTest@1e67b872]" name="elementsUi" duration-ms="0" started-at="2020-12-09T21:12:53Z" finished-at="2020-12-09T21:12:53Z">
          <reporter-output>
          </reporter-output>
        </test-method> <!-- elementsUi -->
      </class> <!-- qaclickacademy.SeleniumTest -->
    </test> <!-- Test -->
  </suite> <!-- Suite -->
</testng-results>
